<rules>
    <rule id="net.hedtech.banner.general.ConfigurationData">
        <![CDATA[
[

    fields: [
           testField: [
            persistenceProperties: [name:"GUROCFG_EXT_COL"],
            type: "java.lang.String",
            constraintExpression:
                """
                testField(nullable: true, maxSize:255)
                """
        ]
    ]
     ,
  methods: [
        """
            public String toString() {
                return 'ConfigurationData{' +
                'id=' + id +
                ', name=' + name + '\' +
                ', testField=' + testField + '\' +
                ', type=' + type + '\' +
                ', value=' + value + '\' +
                ', version=' + version +
                ', lastModifiedBy=' + lastModifiedBy + '\' +
                ', dataOrigin='+ dataOrigin + '\' +
                ', appId=' + appId + '\' +
                ', lastModified=' + lastModified +
                '}'
            }
        """
    ]


]
]]>

    </rule>
</rules>
