<?xml version="1.0" encoding="UTF-8"?>
<!--
  ~ Copyright 2014 Ellucian Company L.P. and its affiliates.
  -->

<rules>
    <rule id="ast.domain.ext.Employee">
        <![CDATA[
[
    fields: [
		department: [
            type: "ast.domain.ext.Department",
			manyToOneProperties: [[name:"department_id", referencedColumnName:"id"]],
            constraintExpression:
                """
                department(nullable: true, unique: true)
                """
        ],
        surnamePrefix: [
            type: "java.lang.String",
            persistenceProperties: [name:"surname_prefix"],
            constraintExpression:
                """
                surnamePrefix(nullable: true, maxSize:30)
                """
        ]
    ]
]
]]>
    </rule>
    <rule id="Emp">
        <![CDATA[
[
    fields: [
        surnamePrefix: [
            type: "java.lang.String",
            persistenceProperties: [name:"surname_prefix"],
            constraintExpression:
                """
                surnamePrefix(nullable: true, maxSize:30)
                """
        ]
    ]
]
]]>
    </rule>


    <rule id="Dept">
        <![CDATA[
[
    fields: [
        location: [
            type: "java.lang.String",
            persistenceProperties: [name:"location"],
            constraintExpression:
                """
                location(nullable: true, maxSize:30)
                """
        ]
    ]
]
]]>
    </rule>

</rules>