<?xml version="1.0" encoding="UTF-8"?>
<rules>
    <rule id="ast.domain.ext.Employee">
        <![CDATA[
[
    fields: [
		department: [
            type: "ast.domain.ext.Department",
			manyToOneProperties: [[name:"department_id", referencedColumnName:"id"]],
            constraintExpression:
                """
                department(nullable: true, unique: false)
                """
        ]
    ],
    methods: [
            [
                    name  : "methodA",
                    source: "methodASource"
            ]

    ]
]
]]>
    </rule>
    <rule id="Emp">
        <![CDATA[
[
    fields: [
        surnamePrefix: [
            type: "java.lang.String",
            persistenceProperties: [name:"surname_prefix_new"],
            constraintExpression:
                """
                surnamePrefix(nullable: true, maxSize:30)
                """
        ]
    ]
]
]]>
    </rule>
    <rule id="AddedClass">
        <![CDATA[
[
    fields: [
        surnamePrefix: [
            type: "java.lang.String",
            persistenceProperties: [name:"surname_prefix"],
            constraintExpression:
                """
                surnamePrefix(nullable: true, maxSize:30)
                """
        ]
    ]
]
]]>
    </rule>
</rules>